<?xml version="1.0" encoding="UTF-8"?>
<robot generator="Robot 7.4.2 (Python 3.14.6 on darwin)" generated="2026-06-29T18:47:51.759400" rpa="false" schemaversion="5">
<suite id="s1" name="Login" source="/Users/sahildholpuria/ecommerce-automation/tests/login/Login.robot">
<kw name="Launch Browser Session" owner="Browser" type="SETUP">
<kw name="Open Browser" owner="SeleniumLibrary">
<msg time="2026-06-29T18:47:51.922351" level="INFO">Opening browser 'chrome' to base url 'https://automationexercise.com/login'.</msg>
<arg>${URL}</arg>
<arg>${BROWSER}</arg>
<doc>Opens a new browser instance to the optional ``url``.</doc>
<status status="PASS" start="2026-06-29T18:47:51.922236" elapsed="9.093780"/>
</kw>
<kw name="Maximize Browser Window" owner="SeleniumLibrary">
<doc>Maximizes current browser window.</doc>
<status status="PASS" start="2026-06-29T18:48:01.016938" elapsed="0.316848"/>
</kw>
<kw name="Set Selenium Timeout" owner="SeleniumLibrary">
<arg>30</arg>
<doc>Sets the timeout that is used by various keywords.</doc>
<status status="PASS" start="2026-06-29T18:48:01.333977" elapsed="0.001039"/>
</kw>
<status status="PASS" start="2026-06-29T18:47:51.921929" elapsed="9.413185"/>
</kw>
<test id="s1-t1" name="Verify user should not be able to Login with Invalid Username and Password" line="10">
<kw name="Login To Application" owner="LoginKeywords">
<kw name="Enter Username" owner="LoginPage">
<kw name="Input Text" owner="SeleniumLibrary">
<msg time="2026-06-29T18:48:01.337282" level="INFO">Typing text 'sahil@gmail.com' into text field 'xpath=//input[@data-qa='login-email']'.</msg>
<arg>${Login_Email}</arg>
<arg>${username}</arg>
<doc>Types the given ``text`` into the text field identified by ``locator``.</doc>
<status status="PASS" start="2026-06-29T18:48:01.336844" elapsed="0.105491"/>
</kw>
<arg>${user}</arg>
<status status="PASS" start="2026-06-29T18:48:01.336624" elapsed="0.105814"/>
</kw>
<kw name="Enter Password" owner="LoginPage">
<kw name="Input Text" owner="SeleniumLibrary">
<msg time="2026-06-29T18:48:01.442937" level="INFO">Typing text 'dholpuria123' into text field 'xpath=//input[@data-qa='login-password']'.</msg>
<arg>${Login_Password}</arg>
<arg>${password}</arg>
<doc>Types the given ``text`` into the text field identified by ``locator``.</doc>
<status status="PASS" start="2026-06-29T18:48:01.442788" elapsed="0.039066"/>
</kw>
<arg>${pass}</arg>
<status status="PASS" start="2026-06-29T18:48:01.442609" elapsed="0.039438"/>
</kw>
<kw name="Click Login Button" owner="LoginPage">
<kw name="Click Button" owner="SeleniumLibrary">
<msg time="2026-06-29T18:48:01.482702" level="INFO">Clicking button 'xpath=//button[@data-qa='login-button']'.</msg>
<arg>${Login_button}</arg>
<doc>Clicks the button identified by ``locator``.</doc>
<status status="PASS" start="2026-06-29T18:48:01.482447" elapsed="0.037817"/>
</kw>
<status status="PASS" start="2026-06-29T18:48:01.482244" elapsed="0.038106"/>
</kw>
<arg>sahil@gmail.com</arg>
<arg>dholpuria123</arg>
<status status="PASS" start="2026-06-29T18:48:01.336275" elapsed="0.184112"/>
</kw>
<kw name="Wait Until Page Contains Element" owner="SeleniumLibrary">
<arg>xpath=//p[normalize-space()='Your email or password is incorrect!']</arg>
<arg>10s</arg>
<doc>Waits until the element ``locator`` appears on the current page.</doc>
<status status="PASS" start="2026-06-29T18:48:01.520581" elapsed="2.243957"/>
</kw>
<kw name="Element Text Should Be" owner="SeleniumLibrary">
<msg time="2026-06-29T18:48:03.765586" level="INFO">Verifying element 'xpath=//p[@style='color: red;']' contains exact text 'Your email or password is incorrect'.</msg>
<msg time="2026-06-29T18:48:03.860022" level="INFO" html="true">&lt;/td&gt;&lt;/tr&gt;&lt;tr&gt;&lt;td colspan="3"&gt;&lt;a href="selenium-screenshot-4.png"&gt;&lt;img src="selenium-screenshot-4.png" width="800px"&gt;&lt;/a&gt;</msg>
<msg time="2026-06-29T18:48:03.860169" level="FAIL">The text of element 'xpath=//p[@style='color: red;']' should have been 'Your email or password is incorrect' but it was 'Your email or password is incorrect!'.</msg>
<arg>xpath=//p[@style='color: red;']</arg>
<arg>Your email or password is incorrect</arg>
<doc>Verifies that element ``locator`` contains exact the text ``expected``.</doc>
<status status="FAIL" start="2026-06-29T18:48:03.764966" elapsed="0.097043">The text of element 'xpath=//p[@style='color: red;']' should have been 'Your email or password is incorrect' but it was 'Your email or password is incorrect!'.</status>
</kw>
<doc>Verify that the application displays an error message when an invalid username and password are entered.</doc>
<tag>login</tag>
<tag>negative</tag>
<status status="FAIL" start="2026-06-29T18:48:01.335258" elapsed="2.526933">The text of element 'xpath=//p[@style='color: red;']' should have been 'Your email or password is incorrect' but it was 'Your email or password is incorrect!'.</status>
</test>
<test id="s1-t2" name="Verify user should be able to Login With Valid Credentail" line="17">
<kw name="Element Should Contain" owner="SeleniumLibrary">
<msg time="2026-06-29T18:48:03.871190" level="INFO">Element 'xpath=//h2' contains text 'Login to your account'.</msg>
<arg>xpath=//h2</arg>
<arg>Login to your account</arg>
<doc>Verifies that element ``locator`` contains text ``expected``.</doc>
<status status="PASS" start="2026-06-29T18:48:03.862574" elapsed="0.008670"/>
</kw>
<kw name="Login To Application" owner="LoginKeywords">
<kw name="Enter Username" owner="LoginPage">
<kw name="Input Text" owner="SeleniumLibrary">
<msg time="2026-06-29T18:48:03.871787" level="INFO">Typing text 'dholpuria1999@gmail.com' into text field 'xpath=//input[@data-qa='login-email']'.</msg>
<arg>${Login_Email}</arg>
<arg>${username}</arg>
<doc>Types the given ``text`` into the text field identified by ``locator``.</doc>
<status status="PASS" start="2026-06-29T18:48:03.871670" elapsed="0.058555"/>
</kw>
<arg>${user}</arg>
<status status="PASS" start="2026-06-29T18:48:03.871551" elapsed="0.058753"/>
</kw>
<kw name="Enter Password" owner="LoginPage">
<kw name="Input Text" owner="SeleniumLibrary">
<msg time="2026-06-29T18:48:03.930784" level="INFO">Typing text 'Root@123' into text field 'xpath=//input[@data-qa='login-password']'.</msg>
<arg>${Login_Password}</arg>
<arg>${password}</arg>
<doc>Types the given ``text`` into the text field identified by ``locator``.</doc>
<status status="PASS" start="2026-06-29T18:48:03.930611" elapsed="0.065139"/>
</kw>
<arg>${pass}</arg>
<status status="PASS" start="2026-06-29T18:48:03.930424" elapsed="0.065407"/>
</kw>
<kw name="Click Login Button" owner="LoginPage">
<kw name="Click Button" owner="SeleniumLibrary">
<msg time="2026-06-29T18:48:03.996227" level="INFO">Clicking button 'xpath=//button[@data-qa='login-button']'.</msg>
<arg>${Login_button}</arg>
<doc>Clicks the button identified by ``locator``.</doc>
<status status="PASS" start="2026-06-29T18:48:03.996104" elapsed="0.036803"/>
</kw>
<status status="PASS" start="2026-06-29T18:48:03.995959" elapsed="0.037064"/>
</kw>
<arg>dholpuria1999@gmail.com</arg>
<arg>Root@123</arg>
<status status="PASS" start="2026-06-29T18:48:03.871398" elapsed="0.161690"/>
</kw>
<status status="PASS" start="2026-06-29T18:48:03.862362" elapsed="0.170866"/>
</test>
<kw name="Close Browser Session" owner="Browser" type="TEARDOWN">
<kw name="Close Browser" owner="SeleniumLibrary">
<doc>Closes the current browser.</doc>
<status status="PASS" start="2026-06-29T18:48:04.033829" elapsed="0.119797"/>
</kw>
<status status="PASS" start="2026-06-29T18:48:04.033668" elapsed="0.120040"/>
</kw>
<status status="FAIL" start="2026-06-29T18:47:51.760234" elapsed="12.393496"/>
</suite>
<statistics>
<total>
<stat pass="1" fail="1" skip="0">All Tests</stat>
</total>
<tag>
<stat pass="0" fail="1" skip="0">login</stat>
<stat pass="0" fail="1" skip="0">negative</stat>
</tag>
<suite>
<stat name="Login" id="s1" pass="1" fail="1" skip="0">Login</stat>
</suite>
</statistics>
<errors>
</errors>
</robot>
